c:\users\achiy\source\repos\task_manager_project\task_manager_project\x64\debug\vc143.pdb
c:\users\achiy\source\repos\task_manager_project\task_manager_project\x64\debug\vc143.idb
c:\users\achiy\source\repos\task_manager_project\task_manager_project\x64\debug\builddll.obj
c:\users\achiy\source\repos\task_manager_project\task_manager_project\x64\debug\addsample.obj
c:\users\achiy\source\repos\task_manager_project\task_manager_project\x64\debug\addprocess.obj
c:\users\achiy\source\repos\task_manager_project\task_manager_project\x64\debug\adddlls.obj
c:\users\achiy\source\repos\task_manager_project\task_manager_project\x64\debug\load_from_file.obj
c:\users\achiy\source\repos\task_manager_project\task_manager_project\x64\debug\sort.obj
c:\users\achiy\source\repos\task_manager_project\task_manager_project\x64\debug\search.obj
c:\users\achiy\source\repos\task_manager_project\task_manager_project\x64\debug\main.obj
c:\users\achiy\source\repos\task_manager_project\task_manager_project\x64\debug\log.obj
c:\users\achiy\source\repos\task_manager_project\task_manager_project\x64\debug\freelist.obj
c:\users\achiy\source\repos\task_manager_project\task_manager_project\x64\debug\editandsavepage.obj
c:\users\achiy\source\repos\task_manager_project\task_manager_project\x64\debug\buildstruct.obj
c:\users\achiy\source\repos\task_manager_project\task_manager_project\x64\debug\save_in_file.obj
c:\users\achiy\source\repos\task_manager_project\task_manager_project\x64\debug\create_sample_page.obj
c:\users\achiy\source\repos\task_manager_project\task_manager_project\x64\debug\create_home_page.obj
c:\users\achiy\source\repos\task_manager_project\task_manager_project\x64\debug\create_dll_page.obj
c:\users\achiy\source\repos\task_manager_project\x64\debug\task_manager_project.exe
c:\users\achiy\source\repos\task_manager_project\task_manager_project\x64\debug\task_manager_project.ilk
c:\users\achiy\source\repos\task_manager_project\x64\debug\task_manager_project.pdb
c:\users\achiy\source\repos\task_manager_project\task_manager_project\x64\debug\task_man.11d53fcd.tlog\cl.command.1.tlog
c:\users\achiy\source\repos\task_manager_project\task_manager_project\x64\debug\task_man.11d53fcd.tlog\cl.read.1.tlog
c:\users\achiy\source\repos\task_manager_project\task_manager_project\x64\debug\task_man.11d53fcd.tlog\cl.write.1.tlog
c:\users\achiy\source\repos\task_manager_project\task_manager_project\x64\debug\task_man.11d53fcd.tlog\link.command.1.tlog
c:\users\achiy\source\repos\task_manager_project\task_manager_project\x64\debug\task_man.11d53fcd.tlog\link.read.1.tlog
c:\users\achiy\source\repos\task_manager_project\task_manager_project\x64\debug\task_man.11d53fcd.tlog\link.write.1.tlog
